[08-Apr-2024 07:32:14 UTC] PHP Warning:  error_log() expects parameter 1 to be string, array given in C:\APM\Apache24\htdocs\backend_test_hwang\study\debug\errorLog.php on line 3
[08-Apr-2024 07:32:26 UTC] PHP Warning:  error_log() expects parameter 1 to be string, array given in C:\APM\Apache24\htdocs\backend_test_hwang\study\debug\errorLog.php on line 3
[08-Apr-2024 07:32:29 UTC] PHP Warning:  error_log() expects parameter 1 to be string, array given in C:\APM\Apache24\htdocs\backend_test_hwang\study\debug\errorLog.php on line 3
[08-Apr-2024 07:32:37 UTC] 문자
[08-Apr-2024 07:32:59 UTC] array (
  0 => '1',
  1 => 2,
  2 => 3,
)
[08-Apr-2024 07:33:22 UTC] array (
  0 => '1',
  1 => 2,
  2 => 3,
)
[08-Apr-2024 07:33:22 UTC] array (
  0 => '1',
  1 => 2,
  2 => 3,
)
[08-Apr-2024 07:33:23 UTC] array (
  0 => '1',
  1 => 2,
  2 => 3,
)
[08-Apr-2024 07:33:23 UTC] array (
  0 => '1',
  1 => 2,
  2 => 3,
)
[08-Apr-2024 07:33:23 UTC] array (
  0 => '1',
  1 => 2,
  2 => 3,
)
[08-Apr-2024 07:33:23 UTC] array (
  0 => '1',
  1 => 2,
  2 => 3,
)
[08-Apr-2024 07:33:42 UTC] array (
  0 => 1,
  1 => 2,
  2 => 3,
)
[08-Apr-2024 07:33:46 UTC] array (
  0 => 1,
  1 => 2,
  2 => 3,
)
[08-Apr-2024 07:33:47 UTC] array (
  0 => 1,
  1 => 2,
  2 => 3,
)
[08-Apr-2024 07:33:47 UTC] array (
  0 => 1,
  1 => 2,
  2 => 3,
)
[08-Apr-2024 07:34:01 UTC] array (
  0 => 1,
  1 => 2,
  2 => 3,
)
[08-Apr-2024 07:34:02 UTC] array (
  0 => 1,
  1 => 2,
  2 => 3,
)
