[09-Apr-2024 05:00:38 UTC] PHP Warning:  Module 'openssl' already loaded in Unknown on line 0
[09-Apr-2024 05:00:38 UTC] PHP Fatal error:  Cannot redeclare welcome() (previously declared in C:\APM\Apache24\htdocs\backend_test_hwang\study\include\include_file.php:2) in C:\APM\Apache24\htdocs\backend_test_hwang\study\include\include_file.php on line 2
[09-Apr-2024 05:00:38 UTC] PHP Stack trace:
[09-Apr-2024 05:00:38 UTC] PHP   1. {main}() C:\APM\Apache24\htdocs\backend_test_hwang\study\include\include.php:0
[09-Apr-2024 05:00:42 UTC] PHP Warning:  Module 'openssl' already loaded in Unknown on line 0
[09-Apr-2024 05:00:45 UTC] PHP Fatal error:  Cannot redeclare welcome() (previously declared in C:\APM\Apache24\htdocs\backend_test_hwang\study\include\include_file.php:2) in C:\APM\Apache24\htdocs\backend_test_hwang\study\include\include_file.php on line 2
[09-Apr-2024 05:00:45 UTC] PHP Stack trace:
[09-Apr-2024 05:00:45 UTC] PHP   1. {main}() C:\APM\Apache24\htdocs\backend_test_hwang\study\include\include.php:0
[09-Apr-2024 05:01:24 UTC] PHP Warning:  Module 'openssl' already loaded in Unknown on line 0
[09-Apr-2024 05:01:28 UTC] PHP Warning:  Module 'openssl' already loaded in Unknown on line 0
[09-Apr-2024 05:02:12 UTC] PHP Warning:  Module 'openssl' already loaded in Unknown on line 0
[09-Apr-2024 05:02:14 UTC] PHP Warning:  include(include_fi22le.php): failed to open stream: No such file or directory in C:\APM\Apache24\htdocs\backend_test_hwang\study\include\include.php on line 13
[09-Apr-2024 05:02:14 UTC] PHP Stack trace:
[09-Apr-2024 05:02:14 UTC] PHP   1. {main}() C:\APM\Apache24\htdocs\backend_test_hwang\study\include\include.php:0
[09-Apr-2024 05:02:14 UTC] PHP Warning:  include(): Failed opening 'include_fi22le.php' for inclusion (include_path='.;C:\php\pear') in C:\APM\Apache24\htdocs\backend_test_hwang\study\include\include.php on line 13
[09-Apr-2024 05:02:14 UTC] PHP Stack trace:
[09-Apr-2024 05:02:14 UTC] PHP   1. {main}() C:\APM\Apache24\htdocs\backend_test_hwang\study\include\include.php:0
[09-Apr-2024 05:02:38 UTC] PHP Fatal error:  Uncaught Error: Call to undefined function welcome() in C:\APM\Apache24\htdocs\backend_test_hwang\study\include\include.php:14
Stack trace:
#0 {main}
  thrown in C:\APM\Apache24\htdocs\backend_test_hwang\study\include\include.php on line 14
[09-Apr-2024 05:06:26 UTC] PHP Warning:  Module 'openssl' already loaded in Unknown on line 0
[09-Apr-2024 05:06:32 UTC] PHP Fatal error:  Cannot redeclare welcome() (previously declared in C:\APM\Apache24\htdocs\backend_test_hwang\study\include\include_file.php:2) in C:\APM\Apache24\htdocs\backend_test_hwang\study\include\include_file.php on line 2
[09-Apr-2024 05:06:32 UTC] PHP Stack trace:
[09-Apr-2024 05:06:32 UTC] PHP   1. {main}() C:\APM\Apache24\htdocs\backend_test_hwang\study\include\include.php:0
[09-Apr-2024 05:06:37 UTC] PHP Warning:  Module 'openssl' already loaded in Unknown on line 0
[09-Apr-2024 05:06:40 UTC] PHP Fatal error:  Cannot redeclare welcome() (previously declared in C:\APM\Apache24\htdocs\backend_test_hwang\study\include\include_file.php:2) in C:\APM\Apache24\htdocs\backend_test_hwang\study\include\include_file.php on line 2
[09-Apr-2024 05:06:40 UTC] PHP Stack trace:
[09-Apr-2024 05:06:40 UTC] PHP   1. {main}() C:\APM\Apache24\htdocs\backend_test_hwang\study\include\include.php:0
[09-Apr-2024 05:08:31 UTC] PHP Warning:  Module 'openssl' already loaded in Unknown on line 0
[09-Apr-2024 05:08:33 UTC] PHP Warning:  Module 'openssl' already loaded in Unknown on line 0
[09-Apr-2024 05:08:45 UTC] PHP Warning:  Module 'openssl' already loaded in Unknown on line 0
[09-Apr-2024 05:08:48 UTC] PHP Warning:  Module 'openssl' already loaded in Unknown on line 0
[09-Apr-2024 05:09:06 UTC] PHP Warning:  Module 'openssl' already loaded in Unknown on line 0
[09-Apr-2024 05:28:53 UTC] PHP Warning:  Module 'openssl' already loaded in Unknown on line 0
