[08-Apr-2024 04:49:19 UTC] PHP Notice:  Undefined index: cookie2 in C:\APM\Apache24\htdocs\backend_test_hwang\study\cookie_session\cookie02.php on line 3
[08-Apr-2024 04:49:20 UTC] PHP Notice:  Undefined index: cookie2 in C:\APM\Apache24\htdocs\backend_test_hwang\study\cookie_session\cookie02.php on line 3
[08-Apr-2024 04:49:21 UTC] PHP Notice:  Undefined index: cookie2 in C:\APM\Apache24\htdocs\backend_test_hwang\study\cookie_session\cookie02.php on line 3
[08-Apr-2024 04:49:21 UTC] PHP Notice:  Undefined index: cookie2 in C:\APM\Apache24\htdocs\backend_test_hwang\study\cookie_session\cookie02.php on line 3
[08-Apr-2024 04:49:21 UTC] PHP Notice:  Undefined index: cookie2 in C:\APM\Apache24\htdocs\backend_test_hwang\study\cookie_session\cookie02.php on line 3
[08-Apr-2024 04:49:21 UTC] PHP Notice:  Undefined index: cookie2 in C:\APM\Apache24\htdocs\backend_test_hwang\study\cookie_session\cookie02.php on line 3
[08-Apr-2024 04:49:21 UTC] PHP Notice:  Undefined index: cookie2 in C:\APM\Apache24\htdocs\backend_test_hwang\study\cookie_session\cookie02.php on line 3
[08-Apr-2024 04:49:22 UTC] PHP Notice:  Undefined index: cookie2 in C:\APM\Apache24\htdocs\backend_test_hwang\study\cookie_session\cookie02.php on line 3
[08-Apr-2024 04:49:22 UTC] PHP Notice:  Undefined index: cookie2 in C:\APM\Apache24\htdocs\backend_test_hwang\study\cookie_session\cookie02.php on line 3
[08-Apr-2024 04:49:22 UTC] PHP Notice:  Undefined index: cookie2 in C:\APM\Apache24\htdocs\backend_test_hwang\study\cookie_session\cookie02.php on line 3
[08-Apr-2024 04:49:22 UTC] PHP Notice:  Undefined index: cookie2 in C:\APM\Apache24\htdocs\backend_test_hwang\study\cookie_session\cookie02.php on line 3
[08-Apr-2024 04:49:22 UTC] PHP Notice:  Undefined index: cookie2 in C:\APM\Apache24\htdocs\backend_test_hwang\study\cookie_session\cookie02.php on line 3
[08-Apr-2024 04:49:23 UTC] PHP Notice:  Undefined index: cookie2 in C:\APM\Apache24\htdocs\backend_test_hwang\study\cookie_session\cookie02.php on line 3
[08-Apr-2024 04:50:52 UTC] PHP Notice:  Undefined index: cookie2 in C:\APM\Apache24\htdocs\backend_test_hwang\study\cookie_session\cookie02.php on line 3
[08-Apr-2024 04:50:52 UTC] PHP Notice:  Undefined index: cookie2 in C:\APM\Apache24\htdocs\backend_test_hwang\study\cookie_session\cookie02.php on line 3
[08-Apr-2024 04:50:52 UTC] PHP Notice:  Undefined index: cookie2 in C:\APM\Apache24\htdocs\backend_test_hwang\study\cookie_session\cookie02.php on line 3
[08-Apr-2024 04:50:52 UTC] PHP Notice:  Undefined index: cookie2 in C:\APM\Apache24\htdocs\backend_test_hwang\study\cookie_session\cookie02.php on line 3
[08-Apr-2024 04:50:52 UTC] PHP Notice:  Undefined index: cookie2 in C:\APM\Apache24\htdocs\backend_test_hwang\study\cookie_session\cookie02.php on line 3
[08-Apr-2024 04:50:53 UTC] PHP Notice:  Undefined index: cookie2 in C:\APM\Apache24\htdocs\backend_test_hwang\study\cookie_session\cookie02.php on line 3
[08-Apr-2024 04:50:53 UTC] PHP Notice:  Undefined index: cookie2 in C:\APM\Apache24\htdocs\backend_test_hwang\study\cookie_session\cookie02.php on line 3
[08-Apr-2024 04:51:35 UTC] PHP Notice:  Undefined index: cookie2 in C:\APM\Apache24\htdocs\backend_test_hwang\study\cookie_session\cookie02.php on line 3
[08-Apr-2024 04:51:35 UTC] PHP Notice:  Undefined index: cookie2 in C:\APM\Apache24\htdocs\backend_test_hwang\study\cookie_session\cookie02.php on line 3
[08-Apr-2024 04:51:36 UTC] PHP Notice:  Undefined index: cookie2 in C:\APM\Apache24\htdocs\backend_test_hwang\study\cookie_session\cookie02.php on line 3
[08-Apr-2024 04:51:38 UTC] PHP Notice:  Undefined index: cookie2 in C:\APM\Apache24\htdocs\backend_test_hwang\study\cookie_session\cookie02.php on line 3
[08-Apr-2024 04:53:05 UTC] PHP Notice:  Undefined index: cookie1 in C:\APM\Apache24\htdocs\backend_test_hwang\study\cookie_session\cookie02.php on line 2
[08-Apr-2024 04:53:05 UTC] PHP Notice:  Undefined index: cookie2 in C:\APM\Apache24\htdocs\backend_test_hwang\study\cookie_session\cookie02.php on line 3
[08-Apr-2024 04:58:05 UTC] PHP Notice:  Undefined index: cookie1 in C:\APM\Apache24\htdocs\backend_test_hwang\study\cookie_session\cookie02.php on line 2
[08-Apr-2024 04:58:05 UTC] PHP Notice:  Undefined index: cookie2 in C:\APM\Apache24\htdocs\backend_test_hwang\study\cookie_session\cookie02.php on line 3
[08-Apr-2024 05:10:15 UTC] PHP Notice:  Undefined index: cookie2 in C:\APM\Apache24\htdocs\backend_test_hwang\study\cookie_session\cookie02.php on line 3
[08-Apr-2024 05:10:36 UTC] PHP Notice:  Undefined index: cookie2 in C:\APM\Apache24\htdocs\backend_test_hwang\study\cookie_session\cookie02.php on line 3
[08-Apr-2024 05:19:44 UTC] PHP Warning:  session_start(): open(./session\sess_brdr299up80m23q26ri3cl0a1o, O_RDWR) failed: No such file or directory (2) in C:\APM\Apache24\htdocs\backend_test_hwang\study\cookie_session\session01.php on line 9
[08-Apr-2024 05:19:44 UTC] PHP Warning:  session_start(): Failed to read session data: files (path: ./session) in C:\APM\Apache24\htdocs\backend_test_hwang\study\cookie_session\session01.php on line 9
[08-Apr-2024 05:20:23 UTC] PHP Warning:  session_start(): open(./session\sess_brdr299up80m23q26ri3cl0a1o, O_RDWR) failed: No such file or directory (2) in C:\APM\Apache24\htdocs\backend_test_hwang\study\cookie_session\session02.php on line 4
[08-Apr-2024 05:20:23 UTC] PHP Warning:  session_start(): Failed to read session data: files (path: ./session) in C:\APM\Apache24\htdocs\backend_test_hwang\study\cookie_session\session02.php on line 4
[08-Apr-2024 05:20:23 UTC] PHP Notice:  Undefined index: title in C:\APM\Apache24\htdocs\backend_test_hwang\study\cookie_session\session02.php on line 5
[08-Apr-2024 05:20:23 UTC] PHP Warning:  file_get_contents(/ex.u/cep/cep/html/egoing/session/session/sess_): failed to open stream: No such file or directory in C:\APM\Apache24\htdocs\backend_test_hwang\study\cookie_session\session02.php on line 6
[08-Apr-2024 05:20:27 UTC] PHP Warning:  session_start(): open(./session\sess_brdr299up80m23q26ri3cl0a1o, O_RDWR) failed: No such file or directory (2) in C:\APM\Apache24\htdocs\backend_test_hwang\study\cookie_session\session02.php on line 4
[08-Apr-2024 05:20:27 UTC] PHP Warning:  session_start(): Failed to read session data: files (path: ./session) in C:\APM\Apache24\htdocs\backend_test_hwang\study\cookie_session\session02.php on line 4
[08-Apr-2024 05:20:27 UTC] PHP Notice:  Undefined index: title in C:\APM\Apache24\htdocs\backend_test_hwang\study\cookie_session\session02.php on line 5
[08-Apr-2024 05:20:27 UTC] PHP Warning:  file_get_contents(/ex.u/cep/cep/html/egoing/session/session/sess_): failed to open stream: No such file or directory in C:\APM\Apache24\htdocs\backend_test_hwang\study\cookie_session\session02.php on line 6
[08-Apr-2024 05:25:54 UTC] PHP Warning:  file_get_contents(/ex.u/cep/cep/html/egoing/session/session/sess_gsemplir42bcsklcq58iaim4d4): failed to open stream: No such file or directory in C:\APM\Apache24\htdocs\backend_test_hwang\study\cookie_session\session02.php on line 6
[08-Apr-2024 05:28:30 UTC] PHP Warning:  file_get_contents(/ex.u/cep/cep/html/egoing/session/session/sess_gsemplir42bcsklcq58iaim4d4): failed to open stream: No such file or directory in C:\APM\Apache24\htdocs\backend_test_hwang\study\cookie_session\session02.php on line 6
[08-Apr-2024 05:29:02 UTC] PHP Warning:  file_get_contents(/.session/sess_gsemplir42bcsklcq58iaim4d4): failed to open stream: No such file or directory in C:\APM\Apache24\htdocs\backend_test_hwang\study\cookie_session\session02.php on line 6
[08-Apr-2024 05:29:51 UTC] PHP Warning:  file_get_contents(/session/sess_gsemplir42bcsklcq58iaim4d4): failed to open stream: No such file or directory in C:\APM\Apache24\htdocs\backend_test_hwang\study\cookie_session\session02.php on line 6
[08-Apr-2024 05:29:52 UTC] PHP Warning:  file_get_contents(/session/sess_gsemplir42bcsklcq58iaim4d4): failed to open stream: No such file or directory in C:\APM\Apache24\htdocs\backend_test_hwang\study\cookie_session\session02.php on line 6
[08-Apr-2024 05:29:52 UTC] PHP Warning:  file_get_contents(/session/sess_gsemplir42bcsklcq58iaim4d4): failed to open stream: No such file or directory in C:\APM\Apache24\htdocs\backend_test_hwang\study\cookie_session\session02.php on line 6
[08-Apr-2024 05:29:52 UTC] PHP Warning:  file_get_contents(/session/sess_gsemplir42bcsklcq58iaim4d4): failed to open stream: No such file or directory in C:\APM\Apache24\htdocs\backend_test_hwang\study\cookie_session\session02.php on line 6
[08-Apr-2024 05:30:59 UTC] PHP Notice:  file_get_contents(): read of 8192 bytes failed with errno=13 Permission denied in C:\APM\Apache24\htdocs\backend_test_hwang\study\cookie_session\session02.php on line 6
[08-Apr-2024 05:31:00 UTC] PHP Notice:  file_get_contents(): read of 8192 bytes failed with errno=13 Permission denied in C:\APM\Apache24\htdocs\backend_test_hwang\study\cookie_session\session02.php on line 6
[08-Apr-2024 05:31:00 UTC] PHP Notice:  file_get_contents(): read of 8192 bytes failed with errno=13 Permission denied in C:\APM\Apache24\htdocs\backend_test_hwang\study\cookie_session\session02.php on line 6
[08-Apr-2024 05:31:01 UTC] PHP Notice:  file_get_contents(): read of 8192 bytes failed with errno=13 Permission denied in C:\APM\Apache24\htdocs\backend_test_hwang\study\cookie_session\session02.php on line 6
[08-Apr-2024 05:31:01 UTC] PHP Notice:  file_get_contents(): read of 8192 bytes failed with errno=13 Permission denied in C:\APM\Apache24\htdocs\backend_test_hwang\study\cookie_session\session02.php on line 6
[08-Apr-2024 05:35:03 UTC] PHP Warning:  session_start(): open(/session\sess_gsemplir42bcsklcq58iaim4d4, O_RDWR) failed: No such file or directory (2) in C:\APM\Apache24\htdocs\backend_test_hwang\study\cookie_session\session02.php on line 4
[08-Apr-2024 05:35:03 UTC] PHP Warning:  session_start(): Failed to read session data: files (path: /session) in C:\APM\Apache24\htdocs\backend_test_hwang\study\cookie_session\session02.php on line 4
[08-Apr-2024 05:35:03 UTC] PHP Notice:  Undefined index: title in C:\APM\Apache24\htdocs\backend_test_hwang\study\cookie_session\session02.php on line 5
[08-Apr-2024 05:35:03 UTC] PHP Warning:  file_get_contents(/session/sess_): failed to open stream: No such file or directory in C:\APM\Apache24\htdocs\backend_test_hwang\study\cookie_session\session02.php on line 6
[08-Apr-2024 05:35:04 UTC] PHP Warning:  session_start(): open(/session\sess_gsemplir42bcsklcq58iaim4d4, O_RDWR) failed: No such file or directory (2) in C:\APM\Apache24\htdocs\backend_test_hwang\study\cookie_session\session02.php on line 4
[08-Apr-2024 05:35:04 UTC] PHP Warning:  session_start(): Failed to read session data: files (path: /session) in C:\APM\Apache24\htdocs\backend_test_hwang\study\cookie_session\session02.php on line 4
[08-Apr-2024 05:35:04 UTC] PHP Notice:  Undefined index: title in C:\APM\Apache24\htdocs\backend_test_hwang\study\cookie_session\session02.php on line 5
[08-Apr-2024 05:35:04 UTC] PHP Warning:  file_get_contents(/session/sess_): failed to open stream: No such file or directory in C:\APM\Apache24\htdocs\backend_test_hwang\study\cookie_session\session02.php on line 6
[08-Apr-2024 05:36:07 UTC] PHP Notice:  file_get_contents(): read of 8192 bytes failed with errno=13 Permission denied in C:\APM\Apache24\htdocs\backend_test_hwang\study\cookie_session\session02.php on line 8
[08-Apr-2024 05:52:16 UTC] PHP Notice:  file_get_contents(): read of 8192 bytes failed with errno=13 Permission denied in C:\APM\Apache24\htdocs\backend_test_hwang\study\cookie_session\session02.php on line 8
[08-Apr-2024 05:52:17 UTC] PHP Notice:  file_get_contents(): read of 8192 bytes failed with errno=13 Permission denied in C:\APM\Apache24\htdocs\backend_test_hwang\study\cookie_session\session02.php on line 8
[08-Apr-2024 05:53:32 UTC] PHP Notice:  file_get_contents(): read of 8192 bytes failed with errno=13 Permission denied in C:\APM\Apache24\htdocs\backend_test_hwang\study\cookie_session\session02.php on line 8
[08-Apr-2024 05:53:32 UTC] PHP Notice:  file_get_contents(): read of 8192 bytes failed with errno=13 Permission denied in C:\APM\Apache24\htdocs\backend_test_hwang\study\cookie_session\session02.php on line 8
[08-Apr-2024 05:53:32 UTC] PHP Notice:  file_get_contents(): read of 8192 bytes failed with errno=13 Permission denied in C:\APM\Apache24\htdocs\backend_test_hwang\study\cookie_session\session02.php on line 8
[08-Apr-2024 05:53:33 UTC] PHP Notice:  file_get_contents(): read of 8192 bytes failed with errno=13 Permission denied in C:\APM\Apache24\htdocs\backend_test_hwang\study\cookie_session\session02.php on line 8
[08-Apr-2024 05:53:44 UTC] PHP Notice:  file_get_contents(): read of 8192 bytes failed with errno=13 Permission denied in C:\APM\Apache24\htdocs\backend_test_hwang\study\cookie_session\session02.php on line 8
[08-Apr-2024 05:54:57 UTC] PHP Notice:  file_get_contents(): read of 8192 bytes failed with errno=13 Permission denied in C:\APM\Apache24\htdocs\backend_test_hwang\study\cookie_session\session02.php on line 8
[08-Apr-2024 05:54:58 UTC] PHP Notice:  file_get_contents(): read of 8192 bytes failed with errno=13 Permission denied in C:\APM\Apache24\htdocs\backend_test_hwang\study\cookie_session\session02.php on line 8
[08-Apr-2024 05:54:58 UTC] PHP Notice:  file_get_contents(): read of 8192 bytes failed with errno=13 Permission denied in C:\APM\Apache24\htdocs\backend_test_hwang\study\cookie_session\session02.php on line 8
[08-Apr-2024 05:54:58 UTC] PHP Notice:  file_get_contents(): read of 8192 bytes failed with errno=13 Permission denied in C:\APM\Apache24\htdocs\backend_test_hwang\study\cookie_session\session02.php on line 8
[08-Apr-2024 05:54:58 UTC] PHP Notice:  file_get_contents(): read of 8192 bytes failed with errno=13 Permission denied in C:\APM\Apache24\htdocs\backend_test_hwang\study\cookie_session\session02.php on line 8
[08-Apr-2024 05:55:24 UTC] PHP Notice:  file_get_contents(): read of 8192 bytes failed with errno=13 Permission denied in C:\APM\Apache24\htdocs\backend_test_hwang\study\cookie_session\session02.php on line 8
[08-Apr-2024 05:55:53 UTC] PHP Notice:  file_get_contents(): read of 8192 bytes failed with errno=13 Permission denied in C:\APM\Apache24\htdocs\backend_test_hwang\study\cookie_session\session02.php on line 8
[08-Apr-2024 05:55:54 UTC] PHP Notice:  file_get_contents(): read of 8192 bytes failed with errno=13 Permission denied in C:\APM\Apache24\htdocs\backend_test_hwang\study\cookie_session\session02.php on line 8
[08-Apr-2024 05:55:54 UTC] PHP Notice:  file_get_contents(): read of 8192 bytes failed with errno=13 Permission denied in C:\APM\Apache24\htdocs\backend_test_hwang\study\cookie_session\session02.php on line 8
[08-Apr-2024 05:55:54 UTC] PHP Notice:  file_get_contents(): read of 8192 bytes failed with errno=13 Permission denied in C:\APM\Apache24\htdocs\backend_test_hwang\study\cookie_session\session02.php on line 8
[08-Apr-2024 05:55:54 UTC] PHP Notice:  file_get_contents(): read of 8192 bytes failed with errno=13 Permission denied in C:\APM\Apache24\htdocs\backend_test_hwang\study\cookie_session\session02.php on line 8
[08-Apr-2024 05:55:54 UTC] PHP Notice:  file_get_contents(): read of 8192 bytes failed with errno=13 Permission denied in C:\APM\Apache24\htdocs\backend_test_hwang\study\cookie_session\session02.php on line 8
[08-Apr-2024 05:55:55 UTC] PHP Notice:  file_get_contents(): read of 8192 bytes failed with errno=13 Permission denied in C:\APM\Apache24\htdocs\backend_test_hwang\study\cookie_session\session02.php on line 8
[08-Apr-2024 05:55:59 UTC] PHP Notice:  file_get_contents(): read of 8192 bytes failed with errno=13 Permission denied in C:\APM\Apache24\htdocs\backend_test_hwang\study\cookie_session\session02.php on line 8
[08-Apr-2024 05:56:00 UTC] PHP Notice:  file_get_contents(): read of 8192 bytes failed with errno=13 Permission denied in C:\APM\Apache24\htdocs\backend_test_hwang\study\cookie_session\session02.php on line 8
[08-Apr-2024 05:56:00 UTC] PHP Notice:  file_get_contents(): read of 8192 bytes failed with errno=13 Permission denied in C:\APM\Apache24\htdocs\backend_test_hwang\study\cookie_session\session02.php on line 8
[08-Apr-2024 05:57:26 UTC] PHP Notice:  file_get_contents(): read of 8192 bytes failed with errno=13 Permission denied in C:\APM\Apache24\htdocs\backend_test_hwang\study\cookie_session\session02.php on line 8
[08-Apr-2024 05:57:27 UTC] PHP Notice:  file_get_contents(): read of 8192 bytes failed with errno=13 Permission denied in C:\APM\Apache24\htdocs\backend_test_hwang\study\cookie_session\session02.php on line 8
[08-Apr-2024 05:57:27 UTC] PHP Notice:  file_get_contents(): read of 8192 bytes failed with errno=13 Permission denied in C:\APM\Apache24\htdocs\backend_test_hwang\study\cookie_session\session02.php on line 8
[08-Apr-2024 05:57:27 UTC] PHP Notice:  file_get_contents(): read of 8192 bytes failed with errno=13 Permission denied in C:\APM\Apache24\htdocs\backend_test_hwang\study\cookie_session\session02.php on line 8
[08-Apr-2024 05:57:27 UTC] PHP Notice:  file_get_contents(): read of 8192 bytes failed with errno=13 Permission denied in C:\APM\Apache24\htdocs\backend_test_hwang\study\cookie_session\session02.php on line 8
[08-Apr-2024 06:00:59 UTC] PHP Notice:  file_get_contents(): read of 8192 bytes failed with errno=13 Permission denied in C:\APM\Apache24\htdocs\backend_test_hwang\study\cookie_session\session02.php on line 8
[08-Apr-2024 06:01:00 UTC] PHP Notice:  file_get_contents(): read of 8192 bytes failed with errno=13 Permission denied in C:\APM\Apache24\htdocs\backend_test_hwang\study\cookie_session\session02.php on line 8
[08-Apr-2024 06:01:00 UTC] PHP Notice:  file_get_contents(): read of 8192 bytes failed with errno=13 Permission denied in C:\APM\Apache24\htdocs\backend_test_hwang\study\cookie_session\session02.php on line 8
[08-Apr-2024 06:01:00 UTC] PHP Notice:  file_get_contents(): read of 8192 bytes failed with errno=13 Permission denied in C:\APM\Apache24\htdocs\backend_test_hwang\study\cookie_session\session02.php on line 8
[08-Apr-2024 06:01:00 UTC] PHP Notice:  file_get_contents(): read of 8192 bytes failed with errno=13 Permission denied in C:\APM\Apache24\htdocs\backend_test_hwang\study\cookie_session\session02.php on line 8
[08-Apr-2024 06:01:17 UTC] PHP Notice:  file_get_contents(): read of 8192 bytes failed with errno=13 Permission denied in C:\APM\Apache24\htdocs\backend_test_hwang\study\cookie_session\session02.php on line 8
[08-Apr-2024 06:01:18 UTC] PHP Notice:  file_get_contents(): read of 8192 bytes failed with errno=13 Permission denied in C:\APM\Apache24\htdocs\backend_test_hwang\study\cookie_session\session02.php on line 8
[08-Apr-2024 06:01:18 UTC] PHP Notice:  file_get_contents(): read of 8192 bytes failed with errno=13 Permission denied in C:\APM\Apache24\htdocs\backend_test_hwang\study\cookie_session\session02.php on line 8
[08-Apr-2024 06:01:18 UTC] PHP Notice:  file_get_contents(): read of 8192 bytes failed with errno=13 Permission denied in C:\APM\Apache24\htdocs\backend_test_hwang\study\cookie_session\session02.php on line 8
[08-Apr-2024 06:01:18 UTC] PHP Notice:  file_get_contents(): read of 8192 bytes failed with errno=13 Permission denied in C:\APM\Apache24\htdocs\backend_test_hwang\study\cookie_session\session02.php on line 8
[08-Apr-2024 06:01:25 UTC] PHP Notice:  file_get_contents(): read of 8192 bytes failed with errno=13 Permission denied in C:\APM\Apache24\htdocs\backend_test_hwang\study\cookie_session\session02.php on line 8
[08-Apr-2024 06:01:26 UTC] PHP Notice:  file_get_contents(): read of 8192 bytes failed with errno=13 Permission denied in C:\APM\Apache24\htdocs\backend_test_hwang\study\cookie_session\session02.php on line 8
[08-Apr-2024 06:01:26 UTC] PHP Notice:  file_get_contents(): read of 8192 bytes failed with errno=13 Permission denied in C:\APM\Apache24\htdocs\backend_test_hwang\study\cookie_session\session02.php on line 8
[08-Apr-2024 06:03:27 UTC] PHP Notice:  Undefined index: title in C:\APM\Apache24\htdocs\backend_test_hwang\study\cookie_session\session02.php on line 7
[08-Apr-2024 06:03:27 UTC] PHP Notice:  file_get_contents(): read of 8192 bytes failed with errno=13 Permission denied in C:\APM\Apache24\htdocs\backend_test_hwang\study\cookie_session\session02.php on line 8
[08-Apr-2024 06:03:32 UTC] PHP Notice:  Undefined index: title in C:\APM\Apache24\htdocs\backend_test_hwang\study\cookie_session\session02.php on line 7
[08-Apr-2024 06:03:32 UTC] PHP Notice:  file_get_contents(): read of 8192 bytes failed with errno=13 Permission denied in C:\APM\Apache24\htdocs\backend_test_hwang\study\cookie_session\session02.php on line 8
[08-Apr-2024 06:03:33 UTC] PHP Notice:  Undefined index: title in C:\APM\Apache24\htdocs\backend_test_hwang\study\cookie_session\session02.php on line 7
[08-Apr-2024 06:03:33 UTC] PHP Notice:  file_get_contents(): read of 8192 bytes failed with errno=13 Permission denied in C:\APM\Apache24\htdocs\backend_test_hwang\study\cookie_session\session02.php on line 8
[08-Apr-2024 06:03:34 UTC] PHP Notice:  Undefined index: title in C:\APM\Apache24\htdocs\backend_test_hwang\study\cookie_session\session02.php on line 7
[08-Apr-2024 06:03:34 UTC] PHP Notice:  file_get_contents(): read of 8192 bytes failed with errno=13 Permission denied in C:\APM\Apache24\htdocs\backend_test_hwang\study\cookie_session\session02.php on line 8
[08-Apr-2024 06:03:38 UTC] PHP Notice:  Undefined index: title in C:\APM\Apache24\htdocs\backend_test_hwang\study\cookie_session\session02.php on line 7
[08-Apr-2024 06:03:38 UTC] PHP Notice:  file_get_contents(): read of 8192 bytes failed with errno=13 Permission denied in C:\APM\Apache24\htdocs\backend_test_hwang\study\cookie_session\session02.php on line 8
[08-Apr-2024 06:03:38 UTC] PHP Notice:  Undefined index: title in C:\APM\Apache24\htdocs\backend_test_hwang\study\cookie_session\session02.php on line 7
[08-Apr-2024 06:03:38 UTC] PHP Notice:  file_get_contents(): read of 8192 bytes failed with errno=13 Permission denied in C:\APM\Apache24\htdocs\backend_test_hwang\study\cookie_session\session02.php on line 8
[08-Apr-2024 06:03:45 UTC] PHP Notice:  file_get_contents(): read of 8192 bytes failed with errno=13 Permission denied in C:\APM\Apache24\htdocs\backend_test_hwang\study\cookie_session\session02.php on line 8
[08-Apr-2024 06:05:30 UTC] PHP Warning:  session_start(): open(/session\sess_0cursagmgjr6cbo9u31mnevtb0, O_RDWR) failed: No such file or directory (2) in C:\APM\Apache24\htdocs\backend_test_hwang\study\cookie_session\session02.php on line 4
[08-Apr-2024 06:05:30 UTC] PHP Warning:  session_start(): Failed to read session data: files (path: /session) in C:\APM\Apache24\htdocs\backend_test_hwang\study\cookie_session\session02.php on line 4
[08-Apr-2024 06:05:30 UTC] PHP Notice:  Undefined index: title in C:\APM\Apache24\htdocs\backend_test_hwang\study\cookie_session\session02.php on line 5
[08-Apr-2024 06:05:30 UTC] PHP Warning:  file_get_contents(./session/sess_): failed to open stream: No such file or directory in C:\APM\Apache24\htdocs\backend_test_hwang\study\cookie_session\session02.php on line 6
[08-Apr-2024 06:05:31 UTC] PHP Warning:  session_start(): open(/session\sess_0cursagmgjr6cbo9u31mnevtb0, O_RDWR) failed: No such file or directory (2) in C:\APM\Apache24\htdocs\backend_test_hwang\study\cookie_session\session02.php on line 4
[08-Apr-2024 06:05:31 UTC] PHP Warning:  session_start(): Failed to read session data: files (path: /session) in C:\APM\Apache24\htdocs\backend_test_hwang\study\cookie_session\session02.php on line 4
[08-Apr-2024 06:05:31 UTC] PHP Notice:  Undefined index: title in C:\APM\Apache24\htdocs\backend_test_hwang\study\cookie_session\session02.php on line 5
[08-Apr-2024 06:05:31 UTC] PHP Warning:  file_get_contents(./session/sess_): failed to open stream: No such file or directory in C:\APM\Apache24\htdocs\backend_test_hwang\study\cookie_session\session02.php on line 6
[08-Apr-2024 06:05:32 UTC] PHP Warning:  session_start(): open(/session\sess_0cursagmgjr6cbo9u31mnevtb0, O_RDWR) failed: No such file or directory (2) in C:\APM\Apache24\htdocs\backend_test_hwang\study\cookie_session\session02.php on line 4
[08-Apr-2024 06:05:32 UTC] PHP Warning:  session_start(): Failed to read session data: files (path: /session) in C:\APM\Apache24\htdocs\backend_test_hwang\study\cookie_session\session02.php on line 4
[08-Apr-2024 06:05:32 UTC] PHP Notice:  Undefined index: title in C:\APM\Apache24\htdocs\backend_test_hwang\study\cookie_session\session02.php on line 5
[08-Apr-2024 06:05:32 UTC] PHP Warning:  file_get_contents(./session/sess_): failed to open stream: No such file or directory in C:\APM\Apache24\htdocs\backend_test_hwang\study\cookie_session\session02.php on line 6
[08-Apr-2024 06:05:32 UTC] PHP Warning:  session_start(): open(/session\sess_0cursagmgjr6cbo9u31mnevtb0, O_RDWR) failed: No such file or directory (2) in C:\APM\Apache24\htdocs\backend_test_hwang\study\cookie_session\session02.php on line 4
[08-Apr-2024 06:05:32 UTC] PHP Warning:  session_start(): Failed to read session data: files (path: /session) in C:\APM\Apache24\htdocs\backend_test_hwang\study\cookie_session\session02.php on line 4
[08-Apr-2024 06:05:32 UTC] PHP Notice:  Undefined index: title in C:\APM\Apache24\htdocs\backend_test_hwang\study\cookie_session\session02.php on line 5
[08-Apr-2024 06:05:32 UTC] PHP Warning:  file_get_contents(./session/sess_): failed to open stream: No such file or directory in C:\APM\Apache24\htdocs\backend_test_hwang\study\cookie_session\session02.php on line 6
[08-Apr-2024 06:05:35 UTC] PHP Notice:  file_get_contents(): read of 8192 bytes failed with errno=13 Permission denied in C:\APM\Apache24\htdocs\backend_test_hwang\study\cookie_session\session02.php on line 6
[08-Apr-2024 06:05:36 UTC] PHP Notice:  file_get_contents(): read of 8192 bytes failed with errno=13 Permission denied in C:\APM\Apache24\htdocs\backend_test_hwang\study\cookie_session\session02.php on line 6
[08-Apr-2024 06:06:00 UTC] PHP Notice:  file_get_contents(): read of 8192 bytes failed with errno=13 Permission denied in C:\APM\Apache24\htdocs\backend_test_hwang\study\cookie_session\session02.php on line 6
[08-Apr-2024 06:06:15 UTC] PHP Notice:  file_get_contents(): read of 8192 bytes failed with errno=13 Permission denied in C:\APM\Apache24\htdocs\backend_test_hwang\study\cookie_session\session02.php on line 6
[08-Apr-2024 06:08:11 UTC] PHP Notice:  file_get_contents(): read of 8192 bytes failed with errno=13 Permission denied in C:\APM\Apache24\htdocs\backend_test_hwang\study\cookie_session\session02.php on line 6
[08-Apr-2024 06:08:13 UTC] PHP Notice:  file_get_contents(): read of 8192 bytes failed with errno=13 Permission denied in C:\APM\Apache24\htdocs\backend_test_hwang\study\cookie_session\session02.php on line 6
[08-Apr-2024 06:08:14 UTC] PHP Notice:  file_get_contents(): read of 8192 bytes failed with errno=13 Permission denied in C:\APM\Apache24\htdocs\backend_test_hwang\study\cookie_session\session02.php on line 6
[08-Apr-2024 06:15:01 UTC] PHP Notice:  file_get_contents(): read of 8192 bytes failed with errno=13 Permission denied in C:\APM\Apache24\htdocs\backend_test_hwang\study\cookie_session\session02.php on line 6
[08-Apr-2024 06:15:01 UTC] PHP Notice:  file_get_contents(): read of 8192 bytes failed with errno=13 Permission denied in C:\APM\Apache24\htdocs\backend_test_hwang\study\cookie_session\session02.php on line 6
[08-Apr-2024 06:15:01 UTC] PHP Notice:  file_get_contents(): read of 8192 bytes failed with errno=13 Permission denied in C:\APM\Apache24\htdocs\backend_test_hwang\study\cookie_session\session02.php on line 6
[08-Apr-2024 06:15:01 UTC] PHP Notice:  file_get_contents(): read of 8192 bytes failed with errno=13 Permission denied in C:\APM\Apache24\htdocs\backend_test_hwang\study\cookie_session\session02.php on line 6
[08-Apr-2024 06:15:02 UTC] PHP Notice:  file_get_contents(): read of 8192 bytes failed with errno=13 Permission denied in C:\APM\Apache24\htdocs\backend_test_hwang\study\cookie_session\session02.php on line 6
[08-Apr-2024 06:15:02 UTC] PHP Notice:  file_get_contents(): read of 8192 bytes failed with errno=13 Permission denied in C:\APM\Apache24\htdocs\backend_test_hwang\study\cookie_session\session02.php on line 6
[08-Apr-2024 06:15:02 UTC] PHP Notice:  file_get_contents(): read of 8192 bytes failed with errno=13 Permission denied in C:\APM\Apache24\htdocs\backend_test_hwang\study\cookie_session\session02.php on line 6
[08-Apr-2024 06:15:24 UTC] PHP Notice:  file_get_contents(): read of 8192 bytes failed with errno=13 Permission denied in C:\APM\Apache24\htdocs\backend_test_hwang\study\cookie_session\session02.php on line 6
[08-Apr-2024 06:15:24 UTC] PHP Notice:  file_get_contents(): read of 8192 bytes failed with errno=13 Permission denied in C:\APM\Apache24\htdocs\backend_test_hwang\study\cookie_session\session02.php on line 6
[08-Apr-2024 06:15:25 UTC] PHP Notice:  file_get_contents(): read of 8192 bytes failed with errno=13 Permission denied in C:\APM\Apache24\htdocs\backend_test_hwang\study\cookie_session\session02.php on line 6
[08-Apr-2024 06:22:46 UTC] PHP Notice:  file_get_contents(): read of 8192 bytes failed with errno=13 Permission denied in C:\APM\Apache24\htdocs\backend_test_hwang\study\cookie_session\session02.php on line 6
[08-Apr-2024 06:22:47 UTC] PHP Notice:  file_get_contents(): read of 8192 bytes failed with errno=13 Permission denied in C:\APM\Apache24\htdocs\backend_test_hwang\study\cookie_session\session02.php on line 6
[08-Apr-2024 06:22:47 UTC] PHP Notice:  file_get_contents(): read of 8192 bytes failed with errno=13 Permission denied in C:\APM\Apache24\htdocs\backend_test_hwang\study\cookie_session\session02.php on line 6
[08-Apr-2024 06:25:37 UTC] PHP Notice:  file_get_contents(): read of 8192 bytes failed with errno=13 Permission denied in C:\APM\Apache24\htdocs\backend_test_hwang\study\cookie_session\session02.php on line 6
[08-Apr-2024 06:25:37 UTC] PHP Notice:  file_get_contents(): read of 8192 bytes failed with errno=13 Permission denied in C:\APM\Apache24\htdocs\backend_test_hwang\study\cookie_session\session02.php on line 6
[08-Apr-2024 06:25:38 UTC] PHP Notice:  file_get_contents(): read of 8192 bytes failed with errno=13 Permission denied in C:\APM\Apache24\htdocs\backend_test_hwang\study\cookie_session\session02.php on line 6
[08-Apr-2024 06:25:38 UTC] PHP Notice:  file_get_contents(): read of 8192 bytes failed with errno=13 Permission denied in C:\APM\Apache24\htdocs\backend_test_hwang\study\cookie_session\session02.php on line 6
[08-Apr-2024 06:28:40 UTC] PHP Notice:  file_get_contents(): read of 8192 bytes failed with errno=13 Permission denied in C:\APM\Apache24\htdocs\backend_test_hwang\study\cookie_session\session02.php on line 6
[08-Apr-2024 06:28:41 UTC] PHP Notice:  file_get_contents(): read of 8192 bytes failed with errno=13 Permission denied in C:\APM\Apache24\htdocs\backend_test_hwang\study\cookie_session\session02.php on line 6
[08-Apr-2024 06:28:41 UTC] PHP Notice:  file_get_contents(): read of 8192 bytes failed with errno=13 Permission denied in C:\APM\Apache24\htdocs\backend_test_hwang\study\cookie_session\session02.php on line 6
[08-Apr-2024 06:29:01 UTC] PHP Notice:  file_get_contents(): read of 8192 bytes failed with errno=13 Permission denied in C:\APM\Apache24\htdocs\backend_test_hwang\study\cookie_session\session02.php on line 5
[08-Apr-2024 06:29:02 UTC] PHP Notice:  file_get_contents(): read of 8192 bytes failed with errno=13 Permission denied in C:\APM\Apache24\htdocs\backend_test_hwang\study\cookie_session\session02.php on line 5
[08-Apr-2024 06:29:02 UTC] PHP Notice:  file_get_contents(): read of 8192 bytes failed with errno=13 Permission denied in C:\APM\Apache24\htdocs\backend_test_hwang\study\cookie_session\session02.php on line 5
[08-Apr-2024 06:29:56 UTC] PHP Notice:  file_get_contents(): read of 8192 bytes failed with errno=13 Permission denied in C:\APM\Apache24\htdocs\backend_test_hwang\study\cookie_session\session02.php on line 6
[08-Apr-2024 06:29:57 UTC] PHP Notice:  file_get_contents(): read of 8192 bytes failed with errno=13 Permission denied in C:\APM\Apache24\htdocs\backend_test_hwang\study\cookie_session\session02.php on line 6
[08-Apr-2024 06:29:57 UTC] PHP Notice:  file_get_contents(): read of 8192 bytes failed with errno=13 Permission denied in C:\APM\Apache24\htdocs\backend_test_hwang\study\cookie_session\session02.php on line 6
[08-Apr-2024 06:29:58 UTC] PHP Notice:  file_get_contents(): read of 8192 bytes failed with errno=13 Permission denied in C:\APM\Apache24\htdocs\backend_test_hwang\study\cookie_session\session02.php on line 6
[08-Apr-2024 06:29:58 UTC] PHP Notice:  file_get_contents(): read of 8192 bytes failed with errno=13 Permission denied in C:\APM\Apache24\htdocs\backend_test_hwang\study\cookie_session\session02.php on line 6
[08-Apr-2024 06:29:58 UTC] PHP Notice:  file_get_contents(): read of 8192 bytes failed with errno=13 Permission denied in C:\APM\Apache24\htdocs\backend_test_hwang\study\cookie_session\session02.php on line 6
[08-Apr-2024 06:30:01 UTC] PHP Notice:  file_get_contents(): read of 8192 bytes failed with errno=13 Permission denied in C:\APM\Apache24\htdocs\backend_test_hwang\study\cookie_session\session02.php on line 6
[08-Apr-2024 06:30:20 UTC] PHP Notice:  file_get_contents(): read of 8192 bytes failed with errno=13 Permission denied in C:\APM\Apache24\htdocs\backend_test_hwang\study\cookie_session\session02.php on line 6
[08-Apr-2024 06:30:46 UTC] PHP Notice:  file_get_contents(): read of 8192 bytes failed with errno=13 Permission denied in C:\APM\Apache24\htdocs\backend_test_hwang\study\cookie_session\session02.php on line 6
[08-Apr-2024 06:32:08 UTC] PHP Notice:  Undefined index: title in C:\APM\Apache24\htdocs\backend_test_hwang\study\cookie_session\session02.php on line 5
[08-Apr-2024 06:32:08 UTC] PHP Notice:  file_get_contents(): read of 8192 bytes failed with errno=13 Permission denied in C:\APM\Apache24\htdocs\backend_test_hwang\study\cookie_session\session02.php on line 6
[08-Apr-2024 06:32:18 UTC] PHP Notice:  file_get_contents(): read of 8192 bytes failed with errno=13 Permission denied in C:\APM\Apache24\htdocs\backend_test_hwang\study\cookie_session\session02.php on line 6
[08-Apr-2024 06:32:31 UTC] PHP Warning:  file_get_contents(./sessionfunk08ksr61ip4vd35ttbildfv): failed to open stream: No such file or directory in C:\APM\Apache24\htdocs\backend_test_hwang\study\cookie_session\session02.php on line 6
[08-Apr-2024 06:32:32 UTC] PHP Warning:  file_get_contents(./sessionfunk08ksr61ip4vd35ttbildfv): failed to open stream: No such file or directory in C:\APM\Apache24\htdocs\backend_test_hwang\study\cookie_session\session02.php on line 6
[08-Apr-2024 06:32:32 UTC] PHP Warning:  file_get_contents(./sessionfunk08ksr61ip4vd35ttbildfv): failed to open stream: No such file or directory in C:\APM\Apache24\htdocs\backend_test_hwang\study\cookie_session\session02.php on line 6
[08-Apr-2024 06:32:32 UTC] PHP Warning:  file_get_contents(./sessionfunk08ksr61ip4vd35ttbildfv): failed to open stream: No such file or directory in C:\APM\Apache24\htdocs\backend_test_hwang\study\cookie_session\session02.php on line 6
[08-Apr-2024 06:32:38 UTC] PHP Warning:  file_get_contents(./session/funk08ksr61ip4vd35ttbildfv): failed to open stream: No such file or directory in C:\APM\Apache24\htdocs\backend_test_hwang\study\cookie_session\session02.php on line 6
[08-Apr-2024 06:32:38 UTC] PHP Warning:  file_get_contents(./session/funk08ksr61ip4vd35ttbildfv): failed to open stream: No such file or directory in C:\APM\Apache24\htdocs\backend_test_hwang\study\cookie_session\session02.php on line 6
[08-Apr-2024 06:32:39 UTC] PHP Warning:  file_get_contents(./session/funk08ksr61ip4vd35ttbildfv): failed to open stream: No such file or directory in C:\APM\Apache24\htdocs\backend_test_hwang\study\cookie_session\session02.php on line 6
[08-Apr-2024 06:32:43 UTC] PHP Warning:  file_get_contents(./session/funk08ksr61ip4vd35ttbildfv): failed to open stream: No such file or directory in C:\APM\Apache24\htdocs\backend_test_hwang\study\cookie_session\session02.php on line 6
[08-Apr-2024 06:32:44 UTC] PHP Warning:  file_get_contents(./session/funk08ksr61ip4vd35ttbildfv): failed to open stream: No such file or directory in C:\APM\Apache24\htdocs\backend_test_hwang\study\cookie_session\session02.php on line 6
[08-Apr-2024 06:32:44 UTC] PHP Warning:  file_get_contents(./session/funk08ksr61ip4vd35ttbildfv): failed to open stream: No such file or directory in C:\APM\Apache24\htdocs\backend_test_hwang\study\cookie_session\session02.php on line 6
[08-Apr-2024 06:32:44 UTC] PHP Warning:  file_get_contents(./session/funk08ksr61ip4vd35ttbildfv): failed to open stream: No such file or directory in C:\APM\Apache24\htdocs\backend_test_hwang\study\cookie_session\session02.php on line 6
[08-Apr-2024 06:32:44 UTC] PHP Warning:  file_get_contents(./session/funk08ksr61ip4vd35ttbildfv): failed to open stream: No such file or directory in C:\APM\Apache24\htdocs\backend_test_hwang\study\cookie_session\session02.php on line 6
[08-Apr-2024 06:32:44 UTC] PHP Warning:  file_get_contents(./session/funk08ksr61ip4vd35ttbildfv): failed to open stream: No such file or directory in C:\APM\Apache24\htdocs\backend_test_hwang\study\cookie_session\session02.php on line 6
[08-Apr-2024 06:32:45 UTC] PHP Warning:  file_get_contents(./session/funk08ksr61ip4vd35ttbildfv): failed to open stream: No such file or directory in C:\APM\Apache24\htdocs\backend_test_hwang\study\cookie_session\session02.php on line 6
[08-Apr-2024 06:32:45 UTC] PHP Warning:  file_get_contents(./session/funk08ksr61ip4vd35ttbildfv): failed to open stream: No such file or directory in C:\APM\Apache24\htdocs\backend_test_hwang\study\cookie_session\session02.php on line 6
[08-Apr-2024 06:32:45 UTC] PHP Warning:  file_get_contents(./session/funk08ksr61ip4vd35ttbildfv): failed to open stream: No such file or directory in C:\APM\Apache24\htdocs\backend_test_hwang\study\cookie_session\session02.php on line 6
[08-Apr-2024 06:32:45 UTC] PHP Warning:  file_get_contents(./session/funk08ksr61ip4vd35ttbildfv): failed to open stream: No such file or directory in C:\APM\Apache24\htdocs\backend_test_hwang\study\cookie_session\session02.php on line 6
[08-Apr-2024 06:32:46 UTC] PHP Warning:  file_get_contents(./session/funk08ksr61ip4vd35ttbildfv): failed to open stream: No such file or directory in C:\APM\Apache24\htdocs\backend_test_hwang\study\cookie_session\session02.php on line 6
[08-Apr-2024 06:32:46 UTC] PHP Warning:  file_get_contents(./session/funk08ksr61ip4vd35ttbildfv): failed to open stream: No such file or directory in C:\APM\Apache24\htdocs\backend_test_hwang\study\cookie_session\session02.php on line 6
[08-Apr-2024 06:32:46 UTC] PHP Warning:  file_get_contents(./session/funk08ksr61ip4vd35ttbildfv): failed to open stream: No such file or directory in C:\APM\Apache24\htdocs\backend_test_hwang\study\cookie_session\session02.php on line 6
[08-Apr-2024 06:32:46 UTC] PHP Warning:  file_get_contents(./session/funk08ksr61ip4vd35ttbildfv): failed to open stream: No such file or directory in C:\APM\Apache24\htdocs\backend_test_hwang\study\cookie_session\session02.php on line 6
[08-Apr-2024 06:32:46 UTC] PHP Warning:  file_get_contents(./session/funk08ksr61ip4vd35ttbildfv): failed to open stream: No such file or directory in C:\APM\Apache24\htdocs\backend_test_hwang\study\cookie_session\session02.php on line 6
[08-Apr-2024 06:32:47 UTC] PHP Warning:  file_get_contents(./session/funk08ksr61ip4vd35ttbildfv): failed to open stream: No such file or directory in C:\APM\Apache24\htdocs\backend_test_hwang\study\cookie_session\session02.php on line 6
[08-Apr-2024 06:32:47 UTC] PHP Warning:  file_get_contents(./session/funk08ksr61ip4vd35ttbildfv): failed to open stream: No such file or directory in C:\APM\Apache24\htdocs\backend_test_hwang\study\cookie_session\session02.php on line 6
[08-Apr-2024 06:32:47 UTC] PHP Warning:  file_get_contents(./session/funk08ksr61ip4vd35ttbildfv): failed to open stream: No such file or directory in C:\APM\Apache24\htdocs\backend_test_hwang\study\cookie_session\session02.php on line 6
[08-Apr-2024 06:32:47 UTC] PHP Warning:  file_get_contents(./session/funk08ksr61ip4vd35ttbildfv): failed to open stream: No such file or directory in C:\APM\Apache24\htdocs\backend_test_hwang\study\cookie_session\session02.php on line 6
[08-Apr-2024 06:32:51 UTC] PHP Warning:  file_get_contents(./session/sefunk08ksr61ip4vd35ttbildfv): failed to open stream: No such file or directory in C:\APM\Apache24\htdocs\backend_test_hwang\study\cookie_session\session02.php on line 6
[08-Apr-2024 06:33:08 UTC] PHP Notice:  file_get_contents(): read of 8192 bytes failed with errno=13 Permission denied in C:\APM\Apache24\htdocs\backend_test_hwang\study\cookie_session\session02.php on line 6
[08-Apr-2024 06:33:09 UTC] PHP Notice:  file_get_contents(): read of 8192 bytes failed with errno=13 Permission denied in C:\APM\Apache24\htdocs\backend_test_hwang\study\cookie_session\session02.php on line 6
[08-Apr-2024 06:33:09 UTC] PHP Notice:  file_get_contents(): read of 8192 bytes failed with errno=13 Permission denied in C:\APM\Apache24\htdocs\backend_test_hwang\study\cookie_session\session02.php on line 6
[08-Apr-2024 06:33:09 UTC] PHP Notice:  file_get_contents(): read of 8192 bytes failed with errno=13 Permission denied in C:\APM\Apache24\htdocs\backend_test_hwang\study\cookie_session\session02.php on line 6
[08-Apr-2024 06:33:55 UTC] PHP Notice:  file_get_contents(): read of 8192 bytes failed with errno=13 Permission denied in C:\APM\Apache24\htdocs\backend_test_hwang\study\cookie_session\session02.php on line 6
[08-Apr-2024 06:33:56 UTC] PHP Notice:  file_get_contents(): read of 8192 bytes failed with errno=13 Permission denied in C:\APM\Apache24\htdocs\backend_test_hwang\study\cookie_session\session02.php on line 6
[08-Apr-2024 06:48:09 UTC] PHP Notice:  file_get_contents(): read of 8192 bytes failed with errno=13 Permission denied in C:\APM\Apache24\htdocs\backend_test_hwang\study\cookie_session\session02.php on line 6
[08-Apr-2024 06:48:25 UTC] PHP Notice:  file_get_contents(): read of 8192 bytes failed with errno=13 Permission denied in C:\APM\Apache24\htdocs\backend_test_hwang\study\cookie_session\session02.php on line 6
[08-Apr-2024 06:48:37 UTC] PHP Notice:  file_get_contents(): read of 8192 bytes failed with errno=13 Permission denied in C:\APM\Apache24\htdocs\backend_test_hwang\study\cookie_session\session02.php on line 6
[08-Apr-2024 06:53:50 UTC] PHP Notice:  Undefined index: nickname in C:\APM\Apache24\htdocs\backend_test_hwang\study\cookie_session\session03_page.php on line 9
[08-Apr-2024 06:54:11 UTC] PHP Notice:  Undefined index: nickname in C:\APM\Apache24\htdocs\backend_test_hwang\study\cookie_session\session03_page.php on line 9
[08-Apr-2024 06:54:44 UTC] PHP Notice:  Undefined index: nickname in C:\APM\Apache24\htdocs\backend_test_hwang\study\cookie_session\session03_page.php on line 9
